0 info it worked if it ends with ok
1 verbose cli [ 'C:\\Program Files\\nodejs\\node.exe',
1 verbose cli   'C:\\Program Files\\nodejs\\node_modules\\npm\\bin\\npm-cli.js',
1 verbose cli   'run',
1 verbose cli   'prestart' ]
2 info using npm@3.3.12
3 info using node@v5.3.0
4 verbose run-script [ 'prestart' ]
5 info lifecycle es6-playground@1.0.0~prestart: es6-playground@1.0.0
6 verbose lifecycle es6-playground@1.0.0~prestart: unsafe-perm in lifecycle true
7 verbose lifecycle es6-playground@1.0.0~prestart: PATH: C:\Program Files\nodejs\node_modules\npm\bin\node-gyp-bin;C:\Users\kmorris\git\ES6-Playground\node_modules\.bin;C:\Users\kmorris\AppData\Roaming\npm;C:\Program Files\nodejs\;C:\ProgramData\Oracle\Java\javapath;C:\WINDOWS\system32;C:\WINDOWS;C:\WINDOWS\System32\Wbem;C:\WINDOWS\System32\WindowsPowerShell\v1.0\;C:\Program Files (x86)\MySQL\MySQL Fabric 1.5
8 verbose lifecycle es6-playground@1.0.0~prestart: CWD: C:\Users\kmorris\git\ES6-Playground
9 silly lifecycle es6-playground@1.0.0~prestart: Args: [ '/d /s /c', 'babel hello.es6 -o hello.js' ]
10 silly lifecycle es6-playground@1.0.0~prestart: Returned: code: 2  signal: null
11 info lifecycle es6-playground@1.0.0~prestart: Failed to exec prestart script
12 verbose stack Error: es6-playground@1.0.0 prestart: `babel hello.es6 -o hello.js`
12 verbose stack Exit status 2
12 verbose stack     at EventEmitter.<anonymous> (C:\Program Files\nodejs\node_modules\npm\lib\utils\lifecycle.js:232:16)
12 verbose stack     at emitTwo (events.js:87:13)
12 verbose stack     at EventEmitter.emit (events.js:172:7)
12 verbose stack     at ChildProcess.<anonymous> (C:\Program Files\nodejs\node_modules\npm\lib\utils\spawn.js:24:14)
12 verbose stack     at emitTwo (events.js:87:13)
12 verbose stack     at ChildProcess.emit (events.js:172:7)
12 verbose stack     at maybeClose (internal/child_process.js:818:16)
12 verbose stack     at Process.ChildProcess._handle.onexit (internal/child_process.js:211:5)
13 verbose pkgid es6-playground@1.0.0
14 verbose cwd C:\Users\kmorris\git\ES6-Playground\source
15 error Windows_NT 6.1.7601
16 error argv "C:\\Program Files\\nodejs\\node.exe" "C:\\Program Files\\nodejs\\node_modules\\npm\\bin\\npm-cli.js" "run" "prestart"
17 error node v5.3.0
18 error npm  v3.3.12
19 error code ELIFECYCLE
20 error es6-playground@1.0.0 prestart: `babel hello.es6 -o hello.js`
20 error Exit status 2
21 error Failed at the es6-playground@1.0.0 prestart script 'babel hello.es6 -o hello.js'.
21 error Make sure you have the latest version of node.js and npm installed.
21 error If you do, this is most likely a problem with the es6-playground package,
21 error not with npm itself.
21 error Tell the author that this fails on your system:
21 error     babel hello.es6 -o hello.js
21 error You can get their info via:
21 error     npm owner ls es6-playground
21 error There is likely additional logging output above.
22 verbose exit [ 1, true ]
